2023.07.10 23:06:18 INFO  Started: Metals version 0.11.12 in workspace '/Users/lm210306/Downloads/scala_assign_05' for client Visual Studio Code 1.79.2.
Jul 10, 2023 11:06:18 PM org.flywaydb.core.internal.license.VersionPrinter printVersionOnly
INFO: Flyway Community Edition 9.16.3 by Redgate
Jul 10, 2023 11:06:18 PM org.flywaydb.core.internal.license.VersionPrinter printVersion
INFO: See release notes here: https://rd.gt/416ObMi
Jul 10, 2023 11:06:18 PM org.flywaydb.core.internal.license.VersionPrinter printVersion
INFO: 
Jul 10, 2023 11:06:18 PM org.flywaydb.core.internal.database.base.BaseDatabaseType createDatabase
INFO: Database: jdbc:h2:file:/Users/lm210306/Downloads/scala_assign_05/.metals/metals (H2 2.1)
Jul 10, 2023 11:06:18 PM org.flywaydb.core.internal.schemahistory.JdbcTableSchemaHistory allAppliedMigrations
INFO: Schema history table "PUBLIC"."flyway_schema_history" does not exist yet
Jul 10, 2023 11:06:18 PM org.flywaydb.core.internal.command.DbValidate validate
INFO: Successfully validated 4 migrations (execution time 00:00.022s)
Jul 10, 2023 11:06:18 PM org.flywaydb.core.internal.schemahistory.JdbcTableSchemaHistory create
INFO: Creating Schema History table "PUBLIC"."flyway_schema_history" ...
Jul 10, 2023 11:06:19 PM org.flywaydb.core.internal.command.DbMigrate migrateGroup
INFO: Current version of schema "PUBLIC": << Empty Schema >>
Jul 10, 2023 11:06:19 PM org.flywaydb.core.internal.command.DbMigrate doMigrateGroup
INFO: Migrating schema "PUBLIC" to version "1 - Create tables"
Jul 10, 2023 11:06:19 PM org.flywaydb.core.internal.command.DbMigrate doMigrateGroup
INFO: Migrating schema "PUBLIC" to version "2 - Server discovery"
Jul 10, 2023 11:06:19 PM org.flywaydb.core.internal.command.DbMigrate doMigrateGroup
INFO: Migrating schema "PUBLIC" to version "3 - Jar symbols"
Jul 10, 2023 11:06:19 PM org.flywaydb.core.internal.command.DbMigrate doMigrateGroup
INFO: Migrating schema "PUBLIC" to version "4 - Fingerprints"
Jul 10, 2023 11:06:19 PM org.flywaydb.core.internal.command.DbMigrate logSummary
INFO: Successfully applied 4 migrations to schema "PUBLIC", now at version v4 (execution time 00:00.138s)
2023.07.10 23:06:19 INFO  time: initialize in 0.77s
2023.07.10 23:06:25 WARN  Build server is not auto-connectable.
2023.07.10 23:06:25 WARN  no build tool detected in workspace '/Users/lm210306/Downloads/scala_assign_05'. The most common cause for this problem is that the editor was opened in the wrong working directory, for example if you use sbt then the workspace directory should contain build.sbt. 
2023.07.10 23:06:25 WARN  no build target for: /Users/lm210306/Downloads/scala_assign_05/Tutorial05.scala
2023.07.10 23:06:35 INFO  no build target found for /Users/lm210306/Downloads/scala_assign_05/Tutorial05.scala. Using presentation compiler with project's scala-library version: 3.2.2
2023.07.10 23:06:37 INFO  time: code lens generation in 12s
2023.07.10 23:07:23 WARN  no build target for: /Users/lm210306/Downloads/scala_assign_05/Tutorial05.scala
2023.07.10 23:07:59 WARN  no build target for: /Users/lm210306/Downloads/scala_assign_05/Tutorial05.scala
2023.07.10 23:10:35 WARN  no build target for: /Users/lm210306/Downloads/scala_assign_05/Tutorial05.scala
